<?xml version="1.0" encoding="UTF-8"?>
<!-- Generated by org.testng.reporters.JUnitReportReporter -->
<testsuite hostname="MLI01105" failures="0" tests="1" name="LumaTest" time="36.217" errors="0" timestamp="2023-02-27T22:44:50 IST" skipped="0">
  <testcase classname="LumaTest" name="VerifySignIn" time="36.217"/>
  <system-out/>
</testsuite> <!-- LumaTest -->
